2020-10-24 16:05:54:554 info: GET / 304 3.399 ms - -
2020-10-24 16:09:53:953 info: GET / 200 35.279 ms - 12
2020-10-24 16:24:09:249 info: GET /s 404 37.932 ms - 1479
2020-10-24 16:24:42:2442 info: GET /s 404 23.629 ms - 23
2020-10-27 18:25:35:2535 info: GET /test 404 3.844 ms - 23
2020-10-27 18:27:31:2731 info: GET /api/v1/d-labs 404 4.645 ms - 23
2020-10-27 18:28:02:282 info: GET /api/v1/d-labs 404 6.325 ms - 23
2020-10-27 18:29:12:2912 info: GET /api/v1/d-labs 404 4.936 ms - 23
2020-10-27 18:29:41:2941 info: POST /api/v1/d-labs/ 200 5.386 ms - 12
2020-10-27 18:30:42:3042 info: POST /api/v1/d-labs/ 200 7.930 ms - 26
2020-10-27 18:31:13:3113 info: POST /api/v1/d-labs/ 200 5.660 ms - 26
2020-10-27 18:33:48:3348 info: POST /api/v1/d-labs/ 200 3.734 ms - 26
2020-10-27 18:34:26:3426 info: POST /api/v1/d-labs/ 200 6.009 ms - 26
2020-10-27 18:34:26:3426 info: POST /api/v1/d-labs/test 404 0.920 ms - 23
2020-10-27 18:37:27:3727 info: POST /api/v1/d-labs/ 200 5.087 ms - 26
2020-10-27 18:37:27:3727 info: POST /api/v1/d-labs/test 404 1.508 ms - 23
2020-10-27 18:43:33:4333 info: POST /api/v1/d-labs/ 200 3.784 ms - 26
2020-10-27 18:43:33:4333 info: POST /api/v1/d-labs/test 404 1.013 ms - 23
2020-10-27 18:43:33:4333 info: POST /api/v1/d-labs/register-user 404 30.639 ms - 23
2020-10-27 18:47:29:4729 info: POST /api/v1/d-labs/ 200 4.729 ms - 26
2020-10-27 18:47:29:4729 info: POST /api/v1/d-labs/test 404 1.700 ms - 23
2020-10-27 18:47:52:4752 info: POST /api/v1/d-labs/ 200 4.967 ms - 26
2020-10-27 18:47:52:4752 info: POST /api/v1/d-labs/test 404 1.137 ms - 23
2020-10-27 18:48:42:4842 info: POST /api/v1/d-labs/ 200 3.381 ms - 26
2020-10-27 18:48:42:4842 info: POST /api/v1/d-labs/test 404 1.551 ms - 23
2020-10-27 18:48:42:4842 info: POST /api/v1/d-labs/register-user 400 41.375 ms - 11
2020-10-27 18:50:24:5024 info: POST /api/v1/d-labs/ 200 8.370 ms - 26
2020-10-27 18:50:24:5024 info: POST /api/v1/d-labs/test 404 1.806 ms - 23
2020-10-27 18:50:24:5024 info: POST /api/v1/d-labs/register-user 400 25.456 ms - 11
2020-10-27 18:51:04:514 info: POST /api/v1/d-labs/register-user 400 31.806 ms - 71
2020-10-27 18:51:04:514 info: POST /api/v1/d-labs/ 200 5.597 ms - 26
2020-10-27 18:51:04:514 info: POST /api/v1/d-labs/test 404 1.077 ms - 23
2020-10-27 18:56:23:5623 info: POST /api/v1/d-labs/ 200 3.244 ms - 26
2020-10-27 18:56:24:5624 info: POST /api/v1/d-labs/test 404 1.554 ms - 23
2020-10-27 18:56:24:5624 info: POST /api/v1/d-labs/register/user 404 66.613 ms - 23
2020-10-27 18:56:41:5641 info: POST /api/v1/d-labs/register/user 400 34.239 ms - 71
2020-10-27 18:56:41:5641 info: POST /api/v1/d-labs/ 200 3.559 ms - 26
2020-10-27 18:56:41:5641 info: POST /api/v1/d-labs/test 404 1.933 ms - 23
2020-10-27 18:59:48:5948 info: POST /api/v1/d-labs/ 200 4.586 ms - 26
2020-10-27 18:59:48:5948 info: POST /api/v1/d-labs/test 404 1.543 ms - 23
2020-10-27 18:59:48:5948 info: POST /api/v1/d-labs/register/user 404 29.626 ms - 23
2020-10-27 19:00:20:020 info: POST /api/v1/d-labs/ 200 5.821 ms - 26
2020-10-27 19:00:20:020 info: POST /api/v1/d-labs/test 404 2.955 ms - 23
2020-10-27 19:00:20:020 info: POST /api/v1/d-labs/register/user/user 404 28.607 ms - 23
2020-10-27 19:01:04:14 info: POST /api/v1/d-labs/ 200 3.263 ms - 26
2020-10-27 19:01:04:14 info: POST /api/v1/d-labs/test 404 1.141 ms - 23
2020-10-27 19:01:04:14 info: POST /api/v1/d-labs/register/user/user 404 30.842 ms - 23
2020-10-27 19:02:21:221 info: POST /api/v1/d-labs/ 200 3.389 ms - 26
2020-10-27 19:02:21:221 info: POST /api/v1/d-labs/register/user/user 404 27.049 ms - 23
2020-10-27 19:02:21:221 info: POST /api/v1/d-labs/test 404 1.059 ms - 23
2020-10-27 19:03:23:323 info: POST /api/v1/auth/register/user 404 32.465 ms - 23
2020-10-27 19:04:05:45 info: POST /api/v1/auth/register/user 404 1.812 ms - 23
2020-10-27 19:04:33:433 info: POST /api/v1/d-labs/auth/register/user 400 31.648 ms - 71
2020-10-27 19:05:05:55 info: POST /api/v1/d-labs/auth/ 200 5.434 ms - 26
2020-10-27 19:05:05:55 info: POST /api/v1/d-labs/auth/test 404 1.081 ms - 23
2020-10-27 19:05:05:55 info: POST /api/v1/d-labs/auth/register/user/user 404 27.442 ms - 23
2020-10-27 19:05:34:534 info: POST /api/v1/d-labs/auth/ 200 5.052 ms - 26
2020-10-27 19:05:34:534 info: POST /api/v1/d-labs/auth/test 404 1.054 ms - 23
2020-10-27 19:05:35:535 info: POST /api/v1/d-labs/auth/register/user 400 30.138 ms - 71
2020-10-27 19:08:21:821 info: POST /api/v1/d-labs/auth/register/user 400 30.787 ms - 71
2020-10-27 19:08:21:821 info: POST /api/v1/d-labs/auth/ 200 4.717 ms - 26
2020-10-27 19:08:21:821 info: POST /api/v1/d-labs/auth/test 404 1.122 ms - 23
2020-10-27 19:10:00:100 info: POST /api/v1/d-labs/auth/ 200 5.486 ms - 26
2020-10-27 19:10:00:100 info: POST /api/v1/d-labs/auth/test 404 1.188 ms - 23
2020-10-27 19:10:00:100 info: POST /api/v1/d-labs/auth/register/user 400 31.525 ms - 71
2020-10-27 19:10:27:1027 info: POST /api/v1/d-labs/auth/register/user 400 28.152 ms - 71
2020-10-27 19:14:55:1455 info: POST /api/v1/d-labs/auth/register/user 400 32.543 ms - 32
2020-10-27 19:14:55:1455 info: POST /api/v1/d-labs/auth/ 200 7.522 ms - 26
2020-10-27 19:14:55:1455 info: POST /api/v1/d-labs/auth/test 404 1.927 ms - 23
2020-10-27 19:18:57:1857 info: POST /api/v1/d-labs/auth/ 200 4.323 ms - 26
2020-10-27 19:18:57:1857 info: POST /api/v1/d-labs/auth/test 404 1.724 ms - 23
2020-10-27 19:18:57:1857 info: POST /api/v1/d-labs/auth/register/user 400 25.381 ms - 32
2020-10-27 19:19:14:1914 info: POST /api/v1/d-labs/auth/ 200 3.952 ms - 26
2020-10-27 19:19:15:1915 info: POST /api/v1/d-labs/auth/test 404 1.618 ms - 23
2020-10-27 19:19:15:1915 info: POST /api/v1/d-labs/auth/register/user 400 28.870 ms - 32
2020-10-27 19:20:10:2010 info: POST /api/v1/d-labs/auth/register/user 400 48.142 ms - 32
2020-10-27 19:20:16:2016 info: POST /api/v1/d-labs/auth/ 200 0.535 ms - 26
2020-10-27 19:20:16:2016 info: POST /api/v1/d-labs/auth/test 404 0.572 ms - 23
2020-10-27 19:22:11:2211 info: POST /api/v1/d-labs/auth/register/user - - ms - -
2020-10-27 19:29:01:291 info: POST /api/v1/d-labs/auth/ 200 4.779 ms - 26
2020-10-27 19:29:01:291 info: POST /api/v1/d-labs/auth/test 404 1.075 ms - 23
2020-10-27 19:29:01:291 info: POST /api/v1/d-labs/auth/register/user 400 30.914 ms - 32
2020-10-27 19:29:26:2926 info: POST /api/v1/d-labs/auth/ 200 5.035 ms - 26
2020-10-27 19:29:26:2926 info: POST /api/v1/d-labs/auth/test 404 1.940 ms - 23
2020-10-27 19:29:26:2926 info: POST /api/v1/d-labs/auth/register/user 400 36.995 ms - 32
2020-10-27 19:31:09:319 info: POST /api/v1/d-labs/auth/ 200 4.835 ms - 26
2020-10-27 19:31:09:319 info: POST /api/v1/d-labs/auth/test 404 1.135 ms - 23
2020-10-27 19:31:09:319 info: POST /api/v1/d-labs/auth/register/user 400 54.537 ms - 32
2020-10-27 19:31:24:3124 info: POST /api/v1/d-labs/auth/register/user 400 45.071 ms - 32
2020-10-27 19:31:24:3124 info: POST /api/v1/d-labs/auth/ 200 3.772 ms - 26
2020-10-27 19:31:24:3124 info: POST /api/v1/d-labs/auth/test 404 1.169 ms - 23
2020-10-27 19:31:56:3156 info: POST /api/v1/d-labs/auth/register/user 400 58.607 ms - 32
2020-10-27 19:31:56:3156 info: POST /api/v1/d-labs/auth/ 200 3.682 ms - 26
2020-10-27 19:31:56:3156 info: POST /api/v1/d-labs/auth/test 404 1.779 ms - 23
2020-10-27 19:32:12:3212 info: POST /api/v1/d-labs/auth/register/user 400 40.965 ms - 32
2020-10-27 19:32:12:3212 info: POST /api/v1/d-labs/auth/ 200 4.396 ms - 26
2020-10-27 19:32:12:3212 info: POST /api/v1/d-labs/auth/test 404 2.091 ms - 23
2020-10-27 19:33:13:3313 info: POST /api/v1/d-labs/auth/ 200 6.056 ms - 26
2020-10-27 19:33:13:3313 info: POST /api/v1/d-labs/auth/test 404 1.597 ms - 23
2020-10-27 19:33:13:3313 info: POST /api/v1/d-labs/auth/register/user 400 42.680 ms - 32
2020-10-27 19:33:43:3343 info: POST /api/v1/d-labs/auth/ 200 5.448 ms - 26
2020-10-27 19:33:43:3343 info: POST /api/v1/d-labs/auth/test 404 1.750 ms - 23
2020-10-27 19:33:43:3343 info: POST /api/v1/d-labs/auth/register/user 400 37.727 ms - 32
2020-10-27 19:38:16:3816 info: POST /api/v1/d-labs/auth/register/user 500 28.082 ms - 54
2020-10-27 19:38:16:3816 info: POST /api/v1/d-labs/auth/ 200 3.353 ms - 26
2020-10-27 19:38:17:3817 info: POST /api/v1/d-labs/auth/test 404 1.611 ms - 23
2020-10-27 19:41:06:416 info: POST /api/v1/d-labs/auth/register/user 500 39.370 ms - 54
2020-10-27 19:41:06:416 info: POST /api/v1/d-labs/auth/ 200 4.665 ms - 26
2020-10-27 19:41:06:416 info: POST /api/v1/d-labs/auth/test 404 1.059 ms - 23
2020-10-27 19:42:50:4250 info: POST /api/v1/d-labs/auth/register/user 500 34.582 ms - 54
2020-10-27 19:42:50:4250 info: POST /api/v1/d-labs/auth/ 200 3.501 ms - 26
2020-10-27 19:42:50:4250 info: POST /api/v1/d-labs/auth/test 404 1.221 ms - 23
2020-10-27 19:43:24:4324 info: POST /api/v1/d-labs/auth/register/user 500 34.605 ms - 54
2020-10-27 19:43:50:4350 info: POST /api/v1/d-labs/auth/register/user 500 32.943 ms - 54
2020-10-27 19:45:13:4513 info: POST /api/v1/d-labs/auth/register/user 500 23.856 ms - 54
2020-10-27 19:45:26:4526 info: POST /api/v1/d-labs/auth/register/user 500 20.322 ms - 54
2020-10-27 19:46:54:4654 info: POST /api/v1/d-labs/auth/register/user 500 35.694 ms - 54
2020-10-27 19:47:03:473 info: POST /api/v1/d-labs/auth/register/user 500 1.346 ms - 54
2020-10-27 19:48:02:482 info: POST /api/v1/d-labs/auth/register/user 500 45.685 ms - 33
2020-10-27 19:50:52:5052 info: POST /api/v1/d-labs/auth/ 200 3.444 ms - 26
2020-10-27 19:50:52:5052 info: POST /api/v1/d-labs/auth/test 404 1.721 ms - 23
2020-10-27 19:52:26:5226 info: POST /api/v1/d-labs/auth/ 200 4.865 ms - 26
2020-10-27 19:52:26:5226 info: POST /api/v1/d-labs/auth/test 404 1.177 ms - 23
2020-10-27 19:52:26:5226 info: POST /api/v1/d-labs/auth/register/user 400 49.087 ms - 32
2020-10-27 19:53:34:5334 info: POST /api/v1/d-labs/auth/register/user 400 37.126 ms - 32
2020-10-27 19:54:11:5411 info: POST /api/v1/d-labs/auth/register/user 400 28.710 ms - 32
2020-10-27 19:55:05:555 info: POST /api/v1/d-labs/auth/ 200 5.815 ms - 26
2020-10-27 19:55:05:555 info: POST /api/v1/d-labs/auth/test 404 1.786 ms - 23
2020-10-27 19:55:05:555 info: POST /api/v1/d-labs/auth/register/user 200 38.170 ms - 17
2020-10-27 19:55:05:555 info: POST /api/v1/d-labs/auth/register/user 200 0.718 ms - 17
2020-10-27 19:55:33:5533 info: POST /api/v1/d-labs/auth/ 200 3.683 ms - 26
2020-10-27 19:55:34:5534 info: POST /api/v1/d-labs/auth/test 404 1.675 ms - 23
2020-10-27 19:55:34:5534 info: POST /api/v1/d-labs/auth/register/user 400 38.521 ms - 32
2020-10-27 19:55:34:5534 info: POST /api/v1/d-labs/auth/register/user 200 0.694 ms - 17
2020-10-27 20:00:12:012 info: POST /api/v1/d-labs/auth/ 200 6.577 ms - 26
2020-10-27 20:00:12:012 info: POST /api/v1/d-labs/auth/test 404 1.141 ms - 23
2020-10-27 20:00:13:013 info: POST /api/v1/d-labs/auth/register/user 400 32.259 ms - 32
2020-10-27 20:00:13:013 info: POST /api/v1/d-labs/auth/register/user 200 0.657 ms - 17
2020-10-27 20:00:13:013 info: POST /api/v1/d-labs/auth/register/user 200 0.710 ms - 17
2020-10-27 20:05:56:556 info: POST /api/v1/d-labs/auth/ 200 3.757 ms - 26
2020-10-27 20:05:56:556 info: POST /api/v1/d-labs/auth/test 404 1.144 ms - 23
2020-10-27 20:05:56:556 info: POST /api/v1/d-labs/auth/register/user 400 39.282 ms - 32
2020-10-27 20:05:56:556 info: POST /api/v1/d-labs/auth/register/user 200 0.996 ms - 17
2020-10-27 20:05:56:556 info: POST /api/v1/d-labs/auth/register/user 422 1.160 ms - 49
2020-10-27 20:06:20:620 info: POST /api/v1/d-labs/auth/register/user 400 32.784 ms - 32
2020-10-27 20:06:20:620 info: POST /api/v1/d-labs/auth/register/user 200 1.416 ms - 17
2020-10-27 20:06:20:620 info: POST /api/v1/d-labs/auth/register/user 400 1.709 ms - 49
2020-10-27 20:06:20:620 info: POST /api/v1/d-labs/auth/ 200 5.160 ms - 26
2020-10-27 20:06:20:620 info: POST /api/v1/d-labs/auth/test 404 1.569 ms - 23
2020-10-27 20:06:41:641 info: POST /api/v1/d-labs/auth/register/user 400 33.519 ms - 32
2020-10-27 20:06:46:646 info: POST /api/v1/d-labs/auth/register/user 200 1.499 ms - 17
2020-10-27 20:07:14:714 info: POST /api/v1/d-labs/auth/register/user 200 2.391 ms - 17
2020-10-27 20:07:23:723 info: POST /api/v1/d-labs/auth/register/user 400 2.879 ms - 49
2020-10-27 20:08:13:813 info: POST /api/v1/d-labs/auth/register/user 200 39.281 ms - 17
2020-10-27 20:08:20:820 info: POST /api/v1/d-labs/auth/register/user 400 36.748 ms - 47
2020-10-27 20:08:26:826 info: POST /api/v1/d-labs/auth/register/user 400 1.918 ms - 47
2020-10-27 20:09:44:944 info: POST /api/v1/d-labs/auth/register/user 400 46.060 ms - 32
2020-10-27 20:09:44:944 info: POST /api/v1/d-labs/auth/register/user 200 1.472 ms - 17
2020-10-27 20:09:44:944 info: POST /api/v1/d-labs/auth/register/user 400 1.391 ms - 47
2020-10-27 20:09:44:944 info: POST /api/v1/d-labs/auth/ 200 5.336 ms - 26
2020-10-27 20:09:44:944 info: POST /api/v1/d-labs/auth/test 404 1.098 ms - 23
2020-10-27 20:10:03:103 info: POST /api/v1/d-labs/auth/ 200 4.921 ms - 26
2020-10-27 20:10:03:103 info: POST /api/v1/d-labs/auth/test 404 1.677 ms - 23
2020-10-27 20:10:03:103 info: POST /api/v1/d-labs/auth/register/user 400 29.434 ms - 32
2020-10-27 20:10:03:103 info: POST /api/v1/d-labs/auth/register/user 200 0.942 ms - 17
2020-10-27 20:10:03:103 info: POST /api/v1/d-labs/auth/register/user 400 1.060 ms - 47
2020-10-27 20:11:16:1116 info: POST /api/v1/d-labs/auth/ 200 5.508 ms - 26
2020-10-27 20:11:16:1116 info: POST /api/v1/d-labs/auth/test 404 1.079 ms - 23
2020-10-27 20:11:17:1117 info: POST /api/v1/d-labs/auth/register/user 400 32.708 ms - 32
2020-10-27 20:11:17:1117 info: POST /api/v1/d-labs/auth/register/user 200 1.089 ms - 17
2020-10-27 20:11:17:1117 info: POST /api/v1/d-labs/auth/register/user 400 1.053 ms - 47
2020-10-27 20:11:52:1152 info: POST /api/v1/d-labs/auth/ 200 5.873 ms - 26
2020-10-27 20:11:52:1152 info: POST /api/v1/d-labs/auth/test 404 1.078 ms - 23
2020-10-27 20:11:52:1152 info: POST /api/v1/d-labs/auth/register/user 400 37.489 ms - 32
2020-10-27 20:11:52:1152 info: POST /api/v1/d-labs/auth/register/user 200 1.943 ms - 17
2020-10-27 20:11:52:1152 info: POST /api/v1/d-labs/auth/register/user 400 1.142 ms - 48
2020-10-27 20:12:50:1250 info: POST /api/v1/d-labs/auth/ 200 5.377 ms - 26
2020-10-27 20:12:50:1250 info: POST /api/v1/d-labs/auth/test 404 1.700 ms - 23
2020-10-27 20:12:50:1250 info: POST /api/v1/d-labs/auth/register/user 400 29.119 ms - 32
2020-10-27 20:12:50:1250 info: POST /api/v1/d-labs/auth/register/user 200 1.114 ms - 17
2020-10-27 20:12:50:1250 info: POST /api/v1/d-labs/auth/register/user 400 1.175 ms - 48
2020-10-27 20:13:49:1349 info: POST /api/v1/d-labs/auth/register/user 400 50.029 ms - 50
2020-10-27 20:13:58:1358 info: POST /api/v1/d-labs/auth/register/user 400 49.826 ms - 49
2020-10-27 20:17:41:1741 info: POST /api/v1/d-labs/auth/ 200 4.072 ms - 26
2020-10-27 20:17:41:1741 info: POST /api/v1/d-labs/auth/test 404 1.585 ms - 23
2020-10-27 20:17:41:1741 info: POST /api/v1/d-labs/auth/register/user 400 43.635 ms - 32
2020-10-27 20:17:41:1741 info: POST /api/v1/d-labs/auth/register/user 200 1.019 ms - 17
2020-10-27 20:17:41:1741 info: POST /api/v1/d-labs/auth/register/user 400 1.263 ms - 49
2020-10-27 20:18:26:1826 info: POST /api/v1/d-labs/auth/ 200 3.443 ms - 26
2020-10-27 20:18:26:1826 info: POST /api/v1/d-labs/auth/test 404 1.212 ms - 23
2020-10-27 20:18:26:1826 info: POST /api/v1/d-labs/auth/register/user 400 30.501 ms - 32
2020-10-27 20:18:26:1826 info: POST /api/v1/d-labs/auth/register/user 200 1.024 ms - 17
2020-10-27 20:18:26:1826 info: POST /api/v1/d-labs/auth/register/user 400 1.139 ms - 49
2020-10-27 20:19:36:1936 info: POST /api/v1/d-labs/auth/ 200 3.527 ms - 26
2020-10-27 20:19:36:1936 info: POST /api/v1/d-labs/auth/test 404 1.139 ms - 23
2020-10-27 20:19:36:1936 info: POST /api/v1/d-labs/auth/register/user 400 30.558 ms - 32
2020-10-27 20:19:36:1936 info: POST /api/v1/d-labs/auth/register/user 200 1.204 ms - 17
2020-10-27 20:19:36:1936 info: POST /api/v1/d-labs/auth/register/user 400 1.122 ms - 49
2020-10-27 20:20:47:2047 info: POST /api/v1/d-labs/auth/ 200 3.492 ms - 26
2020-10-27 20:20:47:2047 info: POST /api/v1/d-labs/auth/test 404 1.151 ms - 23
2020-10-27 20:20:48:2048 info: POST /api/v1/d-labs/auth/register/user 400 29.391 ms - 32
2020-10-27 20:20:48:2048 info: POST /api/v1/d-labs/auth/register/user 200 1.032 ms - 17
2020-10-27 20:20:48:2048 info: POST /api/v1/d-labs/auth/register/user 400 1.183 ms - 49
2020-10-27 20:22:40:2240 info: POST /api/v1/d-labs/auth/ 200 5.943 ms - 26
2020-10-27 20:22:40:2240 info: POST /api/v1/d-labs/auth/test 404 1.534 ms - 23
2020-10-27 20:22:40:2240 info: POST /api/v1/d-labs/auth/register/user 400 41.848 ms - 41
2020-10-27 20:22:40:2240 info: POST /api/v1/d-labs/auth/register/user 200 14.077 ms - 17
2020-10-27 20:22:40:2240 info: POST /api/v1/d-labs/auth/register/user 400 1.230 ms - 49
2020-10-27 20:22:40:2240 info: POST /api/v1/d-labs/auth/register/user 400 1.158 ms - 78
2020-10-27 20:24:42:2442 info: POST /api/v1/d-labs/auth/ 200 4.829 ms - 26
2020-10-27 20:24:42:2442 info: POST /api/v1/d-labs/auth/test 404 1.212 ms - 23
2020-10-27 20:24:43:2443 info: POST /api/v1/d-labs/auth/register/user 400 29.433 ms - 41
2020-10-27 20:24:43:2443 info: POST /api/v1/d-labs/auth/register/user 200 4.866 ms - 17
2020-10-27 20:24:43:2443 info: POST /api/v1/d-labs/auth/register/user 400 1.068 ms - 49
2020-10-27 20:24:43:2443 info: POST /api/v1/d-labs/auth/register/user 400 1.812 ms - 78
2020-10-27 20:26:39:2639 info: POST /api/v1/d-labs/auth/ 200 3.435 ms - 26
2020-10-27 20:26:39:2639 info: POST /api/v1/d-labs/auth/test 404 1.539 ms - 23
2020-10-27 20:26:39:2639 info: POST /api/v1/d-labs/auth/register/user 400 38.826 ms - 49
2020-10-27 20:26:39:2639 info: POST /api/v1/d-labs/auth/register/user 400 2.119 ms - 78
2020-10-27 20:26:39:2639 info: POST /api/v1/d-labs/auth/register/user 400 1.113 ms - 41
2020-10-27 20:26:39:2639 info: POST /api/v1/d-labs/auth/register/user 200 1.852 ms - 17
2020-10-27 20:27:44:2744 info: POST /api/v1/d-labs/auth/ 200 4.930 ms - 26
2020-10-27 20:27:44:2744 info: POST /api/v1/d-labs/auth/test 404 1.802 ms - 23
2020-10-27 20:27:44:2744 info: POST /api/v1/d-labs/auth/register/user 200 38.995 ms - 17
2020-10-27 20:27:45:2745 info: POST /api/v1/d-labs/auth/register/user 400 1.413 ms - 49
2020-10-27 20:27:45:2745 info: POST /api/v1/d-labs/auth/register/user 400 1.097 ms - 78
2020-10-27 20:31:00:310 info: POST /api/v1/d-labs/auth/ 200 3.409 ms - 26
2020-10-27 20:31:00:310 info: POST /api/v1/d-labs/auth/test 404 1.127 ms - 23
2020-10-27 20:31:00:310 info: POST /api/v1/d-labs/auth/register/user 200 38.151 ms - 17
2020-10-27 20:31:00:310 info: POST /api/v1/d-labs/auth/register/user 400 1.604 ms - 49
2020-10-27 20:31:00:310 info: POST /api/v1/d-labs/auth/register/user 400 1.572 ms - 78
2020-10-27 20:31:23:3123 info: POST /api/v1/d-labs/auth/register/user 400 49.225 ms - 107
2020-10-27 20:31:48:3148 info: POST /api/v1/d-labs/auth/register/user 400 53.239 ms - 160
2020-10-27 20:32:13:3213 info: POST /api/v1/d-labs/auth/register/user 400 44.773 ms - 124
2020-10-27 20:34:01:341 info: POST /api/v1/d-labs/auth/register/user 400 51.778 ms - 152
2020-10-27 20:34:12:3412 info: POST /api/v1/d-labs/auth/register/user 400 9.193 ms - 131
2020-10-27 20:34:29:3429 info: POST /api/v1/d-labs/auth/register/user 400 81.149 ms - 98
2020-10-27 20:34:34:3434 info: POST /api/v1/d-labs/auth/register/user 400 1.955 ms - 98
2020-10-27 20:34:38:3438 info: POST /api/v1/d-labs/auth/register/user 400 2.262 ms - 95
2020-10-27 20:34:42:3442 info: POST /api/v1/d-labs/auth/register/user 400 2.234 ms - 49
2020-10-27 20:36:08:368 info: POST /api/v1/d-labs/auth/register/user 200 37.215 ms - 17
2020-10-27 20:36:08:368 info: POST /api/v1/d-labs/auth/register/user 400 1.579 ms - 49
2020-10-27 20:36:08:368 info: POST /api/v1/d-labs/auth/register/user 400 1.709 ms - 78
2020-10-27 20:36:08:368 info: POST /api/v1/d-labs/auth/register/user 400 2.024 ms - 181
2020-10-27 20:36:08:368 info: POST /api/v1/d-labs/auth/ 200 3.829 ms - 26
2020-10-27 20:36:08:368 info: POST /api/v1/d-labs/auth/test 404 1.793 ms - 23
2020-10-27 20:36:54:3654 info: POST /api/v1/d-labs/auth/ 200 5.240 ms - 26
2020-10-27 20:36:54:3654 info: POST /api/v1/d-labs/auth/test 404 1.135 ms - 23
2020-10-27 20:36:54:3654 info: POST /api/v1/d-labs/auth/register/user 200 38.050 ms - 17
2020-10-27 20:36:54:3654 info: POST /api/v1/d-labs/auth/register/user 400 2.079 ms - 49
2020-10-27 20:36:54:3654 info: POST /api/v1/d-labs/auth/register/user 400 1.306 ms - 78
2020-10-27 20:36:54:3654 info: POST /api/v1/d-labs/auth/register/user 400 1.858 ms - 181
2020-10-27 20:36:54:3654 info: POST /api/v1/d-labs/auth/register/user 400 1.192 ms - 127
2020-10-27 20:43:07:437 info: POST /api/v1/d-labs/auth/ 200 4.175 ms - 26
2020-10-27 20:43:07:437 info: POST /api/v1/d-labs/auth/test 404 1.067 ms - 23
2020-10-27 20:43:07:437 info: POST /api/v1/d-labs/auth/register/user 200 39.810 ms - 17
2020-10-27 20:43:07:437 info: POST /api/v1/d-labs/auth/register/user 400 2.328 ms - 49
2020-10-27 20:43:07:437 info: POST /api/v1/d-labs/auth/register/user 400 1.343 ms - 78
2020-10-27 20:43:07:437 info: POST /api/v1/d-labs/auth/register/user 400 1.228 ms - 181
2020-10-27 20:43:07:437 info: POST /api/v1/d-labs/auth/register/user 400 1.383 ms - 127
2020-10-27 20:43:07:437 info: POST /api/v1/d-labs/auth/register/user 400 1.179 ms - 124
2020-10-27 20:43:29:4329 info: POST /api/v1/d-labs/auth/ 200 4.983 ms - 26
2020-10-27 20:43:29:4329 info: POST /api/v1/d-labs/auth/test 404 1.079 ms - 23
2020-10-27 20:43:29:4329 info: POST /api/v1/d-labs/auth/register/user 400 40.640 ms - 48
2020-10-27 20:43:29:4329 info: POST /api/v1/d-labs/auth/register/user 400 1.431 ms - 85
2020-10-27 20:43:29:4329 info: POST /api/v1/d-labs/auth/register/user 400 1.788 ms - 114
2020-10-27 20:43:29:4329 info: POST /api/v1/d-labs/auth/register/user 400 1.277 ms - 217
2020-10-27 20:43:29:4329 info: POST /api/v1/d-labs/auth/register/user 400 1.441 ms - 163
2020-10-27 20:43:29:4329 info: POST /api/v1/d-labs/auth/register/user 400 1.413 ms - 160
2020-10-27 20:44:32:4432 info: POST /api/v1/d-labs/auth/register/user 400 47.479 ms - 85
2020-10-27 20:44:40:4440 info: POST /api/v1/d-labs/auth/register/user 400 10.266 ms - 85
2020-10-27 20:44:47:4447 info: POST /api/v1/d-labs/auth/register/user 400 2.173 ms - 85
2020-10-27 20:45:38:4538 info: POST /api/v1/d-labs/auth/ 200 4.111 ms - 26
2020-10-27 20:45:38:4538 info: POST /api/v1/d-labs/auth/test 404 1.171 ms - 23
2020-10-27 20:45:38:4538 info: POST /api/v1/d-labs/auth/register/user 400 47.801 ms - 85
2020-10-27 20:45:38:4538 info: POST /api/v1/d-labs/auth/register/user 400 1.386 ms - 114
2020-10-27 20:45:38:4538 info: POST /api/v1/d-labs/auth/register/user 400 1.449 ms - 217
2020-10-27 20:45:38:4538 info: POST /api/v1/d-labs/auth/register/user 400 1.205 ms - 163
2020-10-27 20:45:38:4538 info: POST /api/v1/d-labs/auth/register/user 400 1.201 ms - 160
